2025-06-24 16:16 INFO  Version:44 - HHH000412: Hibernate ORM core version 5.6.15.Final
2025-06-24 16:16 INFO  Version:56 - HCANN000001: Hibernate Commons Annotations {5.1.2.Final}
2025-06-24 16:16 INFO  C3P0ConnectionProvider:116 - HHH010002: C3P0 using driver: com.mysql.cj.jdbc.Driver at URL: jdbc:mysql://localhost:3306/hospital_db
2025-06-24 16:16 INFO  C3P0ConnectionProvider:117 - HHH10001001: Connection properties: {user=root, password=****}
2025-06-24 16:16 INFO  C3P0ConnectionProvider:120 - HHH10001003: Autocommit mode: false
2025-06-24 16:16 INFO  MLog:191 - MLog clients using log4j logging.
2025-06-24 16:16 INFO  C3P0Registry:248 - Initializing c3p0-0.9.5.5 [built 11-December-2019 22:18:33 -0800; debug? true; trace: 10]
2025-06-24 16:16 INFO  C3P0ConnectionProvider:200 - HHH10001007: JDBC isolation level: <unknown>
2025-06-24 16:16 INFO  AbstractPoolBackedDataSource:527 - Initializing c3p0 pool... com.mchange.v2.c3p0.PoolBackedDataSource@a78566bb [ connectionPoolDataSource -> com.mchange.v2.c3p0.WrapperConnectionPoolDataSource@2c57d96c [ acquireIncrement -> 3, acquireRetryAttempts -> 30, acquireRetryDelay -> 1000, autoCommitOnClose -> false, automaticTestTable -> null, breakAfterAcquireFailure -> false, checkoutTimeout -> 0, connectionCustomizerClassName -> null, connectionTesterClassName -> com.mchange.v2.c3p0.impl.DefaultConnectionTester, contextClassLoaderSource -> caller, debugUnreturnedConnectionStackTraces -> false, factoryClassLocation -> null, forceIgnoreUnresolvedTransactions -> false, forceSynchronousCheckins -> false, identityToken -> 1hge13xbb18yzgwn2dmxsl|2e5c7f0b, idleConnectionTestPeriod -> 3000, initialPoolSize -> 5, maxAdministrativeTaskTime -> 0, maxConnectionAge -> 0, maxIdleTime -> 300, maxIdleTimeExcessConnections -> 0, maxPoolSize -> 20, maxStatements -> 50, maxStatementsPerConnection -> 0, minPoolSize -> 5, nestedDataSource -> com.mchange.v2.c3p0.DriverManagerDataSource@b3a0a36d [ description -> null, driverClass -> null, factoryClassLocation -> null, forceUseNamedDriverClass -> false, identityToken -> 1hge13xbb18yzgwn2dmxsl|30990c1b, jdbcUrl -> jdbc:mysql://localhost:3306/hospital_db, properties -> {user=******, password=******} ], preferredTestQuery -> null, privilegeSpawnedThreads -> false, propertyCycle -> 0, statementCacheNumDeferredCloseThreads -> 0, testConnectionOnCheckin -> false, testConnectionOnCheckout -> false, unreturnedConnectionTimeout -> 0, usesTraditionalReflectiveProxies -> false; userOverrides: {} ], dataSourceName -> null, extensions -> {}, factoryClassLocation -> null, identityToken -> 1hge13xbb18yzgwn2dmxsl|3deb2326, numHelperThreads -> 3 ]
2025-06-24 16:16 INFO  Dialect:175 - HHH000400: Using dialect: org.hibernate.dialect.MySQL8Dialect
2025-06-24 16:16 INFO  access:48 - HHH10001501: Connection obtained from JdbcConnectionAccess [org.hibernate.engine.jdbc.env.internal.JdbcEnvironmentInitiator$ConnectionProviderJdbcConnectionAccess@18137eab] for (non-JTA) DDL execution was not in auto-commit mode; the Connection 'local transaction' will be committed and the Connection will be set into auto-commit mode.
2025-06-24 16:16 INFO  JtaPlatformInitiator:52 - HHH000490: Using JtaPlatform implementation: [org.hibernate.engine.transaction.jta.platform.internal.NoJtaPlatform]
2025-06-24 16:30 INFO  Version:44 - HHH000412: Hibernate ORM core version 5.6.15.Final
2025-06-24 16:30 INFO  Version:56 - HCANN000001: Hibernate Commons Annotations {5.1.2.Final}
2025-06-24 16:30 INFO  C3P0ConnectionProvider:116 - HHH010002: C3P0 using driver: com.mysql.cj.jdbc.Driver at URL: jdbc:mysql://localhost:3306/hospital_db
2025-06-24 16:30 INFO  C3P0ConnectionProvider:117 - HHH10001001: Connection properties: {user=root, password=****}
2025-06-24 16:30 INFO  C3P0ConnectionProvider:120 - HHH10001003: Autocommit mode: false
2025-06-24 16:30 INFO  MLog:191 - MLog clients using log4j logging.
2025-06-24 16:30 INFO  C3P0Registry:248 - Initializing c3p0-0.9.5.5 [built 11-December-2019 22:18:33 -0800; debug? true; trace: 10]
2025-06-24 16:30 INFO  C3P0ConnectionProvider:200 - HHH10001007: JDBC isolation level: <unknown>
2025-06-24 16:30 INFO  AbstractPoolBackedDataSource:527 - Initializing c3p0 pool... com.mchange.v2.c3p0.PoolBackedDataSource@5082931b [ connectionPoolDataSource -> com.mchange.v2.c3p0.WrapperConnectionPoolDataSource@1fcb95cc [ acquireIncrement -> 3, acquireRetryAttempts -> 30, acquireRetryDelay -> 1000, autoCommitOnClose -> false, automaticTestTable -> null, breakAfterAcquireFailure -> false, checkoutTimeout -> 0, connectionCustomizerClassName -> null, connectionTesterClassName -> com.mchange.v2.c3p0.impl.DefaultConnectionTester, contextClassLoaderSource -> caller, debugUnreturnedConnectionStackTraces -> false, factoryClassLocation -> null, forceIgnoreUnresolvedTransactions -> false, forceSynchronousCheckins -> false, identityToken -> 1hge13xbb18zhv8q1j7fo7s|43ed0ff3, idleConnectionTestPeriod -> 3000, initialPoolSize -> 5, maxAdministrativeTaskTime -> 0, maxConnectionAge -> 0, maxIdleTime -> 300, maxIdleTimeExcessConnections -> 0, maxPoolSize -> 20, maxStatements -> 50, maxStatementsPerConnection -> 0, minPoolSize -> 5, nestedDataSource -> com.mchange.v2.c3p0.DriverManagerDataSource@55a82b18 [ description -> null, driverClass -> null, factoryClassLocation -> null, forceUseNamedDriverClass -> false, identityToken -> 1hge13xbb18zhv8q1j7fo7s|3f363cf5, jdbcUrl -> jdbc:mysql://localhost:3306/hospital_db, properties -> {user=******, password=******} ], preferredTestQuery -> null, privilegeSpawnedThreads -> false, propertyCycle -> 0, statementCacheNumDeferredCloseThreads -> 0, testConnectionOnCheckin -> false, testConnectionOnCheckout -> false, unreturnedConnectionTimeout -> 0, usesTraditionalReflectiveProxies -> false; userOverrides: {} ], dataSourceName -> null, extensions -> {}, factoryClassLocation -> null, identityToken -> 1hge13xbb18zhv8q1j7fo7s|55e7a35c, numHelperThreads -> 3 ]
2025-06-24 16:30 INFO  Dialect:175 - HHH000400: Using dialect: org.hibernate.dialect.MySQL8Dialect
2025-06-24 16:30 INFO  access:48 - HHH10001501: Connection obtained from JdbcConnectionAccess [org.hibernate.engine.jdbc.env.internal.JdbcEnvironmentInitiator$ConnectionProviderJdbcConnectionAccess@3902bd2c] for (non-JTA) DDL execution was not in auto-commit mode; the Connection 'local transaction' will be committed and the Connection will be set into auto-commit mode.
2025-06-24 16:30 INFO  JtaPlatformInitiator:52 - HHH000490: Using JtaPlatform implementation: [org.hibernate.engine.transaction.jta.platform.internal.NoJtaPlatform]
2025-06-24 16:36 INFO  Version:44 - HHH000412: Hibernate ORM core version 5.6.15.Final
2025-06-24 16:36 INFO  Version:56 - HCANN000001: Hibernate Commons Annotations {5.1.2.Final}
2025-06-24 16:36 INFO  C3P0ConnectionProvider:116 - HHH010002: C3P0 using driver: com.mysql.cj.jdbc.Driver at URL: jdbc:mysql://localhost:3306/hospital_db
2025-06-24 16:36 INFO  C3P0ConnectionProvider:117 - HHH10001001: Connection properties: {user=root, password=****}
2025-06-24 16:36 INFO  C3P0ConnectionProvider:120 - HHH10001003: Autocommit mode: false
2025-06-24 16:36 INFO  MLog:191 - MLog clients using log4j logging.
2025-06-24 16:36 INFO  C3P0Registry:248 - Initializing c3p0-0.9.5.5 [built 11-December-2019 22:18:33 -0800; debug? true; trace: 10]
2025-06-24 16:36 INFO  C3P0ConnectionProvider:200 - HHH10001007: JDBC isolation level: <unknown>
2025-06-24 16:36 INFO  AbstractPoolBackedDataSource:527 - Initializing c3p0 pool... com.mchange.v2.c3p0.PoolBackedDataSource@cad6fd71 [ connectionPoolDataSource -> com.mchange.v2.c3p0.WrapperConnectionPoolDataSource@e882a572 [ acquireIncrement -> 3, acquireRetryAttempts -> 30, acquireRetryDelay -> 1000, autoCommitOnClose -> false, automaticTestTable -> null, breakAfterAcquireFailure -> false, checkoutTimeout -> 0, connectionCustomizerClassName -> null, connectionTesterClassName -> com.mchange.v2.c3p0.impl.DefaultConnectionTester, contextClassLoaderSource -> caller, debugUnreturnedConnectionStackTraces -> false, factoryClassLocation -> null, forceIgnoreUnresolvedTransactions -> false, forceSynchronousCheckins -> false, identityToken -> 1hge13xbb18zpq2d67j5tn|e6516e, idleConnectionTestPeriod -> 3000, initialPoolSize -> 5, maxAdministrativeTaskTime -> 0, maxConnectionAge -> 0, maxIdleTime -> 300, maxIdleTimeExcessConnections -> 0, maxPoolSize -> 20, maxStatements -> 50, maxStatementsPerConnection -> 0, minPoolSize -> 5, nestedDataSource -> com.mchange.v2.c3p0.DriverManagerDataSource@28def133 [ description -> null, driverClass -> null, factoryClassLocation -> null, forceUseNamedDriverClass -> false, identityToken -> 1hge13xbb18zpq2d67j5tn|76f7d241, jdbcUrl -> jdbc:mysql://localhost:3306/hospital_db, properties -> {user=******, password=******} ], preferredTestQuery -> null, privilegeSpawnedThreads -> false, propertyCycle -> 0, statementCacheNumDeferredCloseThreads -> 0, testConnectionOnCheckin -> false, testConnectionOnCheckout -> false, unreturnedConnectionTimeout -> 0, usesTraditionalReflectiveProxies -> false; userOverrides: {} ], dataSourceName -> null, extensions -> {}, factoryClassLocation -> null, identityToken -> 1hge13xbb18zpq2d67j5tn|1b9ea3e3, numHelperThreads -> 3 ]
2025-06-24 16:36 INFO  Dialect:175 - HHH000400: Using dialect: org.hibernate.dialect.MySQL8Dialect
2025-06-24 16:36 INFO  access:48 - HHH10001501: Connection obtained from JdbcConnectionAccess [org.hibernate.engine.jdbc.env.internal.JdbcEnvironmentInitiator$ConnectionProviderJdbcConnectionAccess@7d32e714] for (non-JTA) DDL execution was not in auto-commit mode; the Connection 'local transaction' will be committed and the Connection will be set into auto-commit mode.
2025-06-24 16:36 INFO  JtaPlatformInitiator:52 - HHH000490: Using JtaPlatform implementation: [org.hibernate.engine.transaction.jta.platform.internal.NoJtaPlatform]
2025-06-24 16:45 INFO  Version:44 - HHH000412: Hibernate ORM core version 5.6.15.Final
2025-06-24 16:45 INFO  Version:56 - HCANN000001: Hibernate Commons Annotations {5.1.2.Final}
2025-06-24 16:45 INFO  C3P0ConnectionProvider:116 - HHH010002: C3P0 using driver: com.mysql.cj.jdbc.Driver at URL: jdbc:mysql://localhost:3306/hospital_db
2025-06-24 16:45 INFO  C3P0ConnectionProvider:117 - HHH10001001: Connection properties: {user=root, password=****}
2025-06-24 16:45 INFO  C3P0ConnectionProvider:120 - HHH10001003: Autocommit mode: false
2025-06-24 16:45 INFO  MLog:191 - MLog clients using log4j logging.
2025-06-24 16:45 INFO  C3P0Registry:248 - Initializing c3p0-0.9.5.5 [built 11-December-2019 22:18:33 -0800; debug? true; trace: 10]
2025-06-24 16:45 INFO  C3P0ConnectionProvider:200 - HHH10001007: JDBC isolation level: <unknown>
2025-06-24 16:45 INFO  AbstractPoolBackedDataSource:527 - Initializing c3p0 pool... com.mchange.v2.c3p0.PoolBackedDataSource@6dcc684e [ connectionPoolDataSource -> com.mchange.v2.c3p0.WrapperConnectionPoolDataSource@209f238f [ acquireIncrement -> 3, acquireRetryAttempts -> 30, acquireRetryDelay -> 1000, autoCommitOnClose -> false, automaticTestTable -> null, breakAfterAcquireFailure -> false, checkoutTimeout -> 0, connectionCustomizerClassName -> null, connectionTesterClassName -> com.mchange.v2.c3p0.impl.DefaultConnectionTester, contextClassLoaderSource -> caller, debugUnreturnedConnectionStackTraces -> false, factoryClassLocation -> null, forceIgnoreUnresolvedTransactions -> false, forceSynchronousCheckins -> false, identityToken -> 1hge13xbb19015o9om2upb|e6516e, idleConnectionTestPeriod -> 3000, initialPoolSize -> 5, maxAdministrativeTaskTime -> 0, maxConnectionAge -> 0, maxIdleTime -> 300, maxIdleTimeExcessConnections -> 0, maxPoolSize -> 20, maxStatements -> 50, maxStatementsPerConnection -> 0, minPoolSize -> 5, nestedDataSource -> com.mchange.v2.c3p0.DriverManagerDataSource@cbd45c10 [ description -> null, driverClass -> null, factoryClassLocation -> null, forceUseNamedDriverClass -> false, identityToken -> 1hge13xbb19015o9om2upb|76f7d241, jdbcUrl -> jdbc:mysql://localhost:3306/hospital_db, properties -> {user=******, password=******} ], preferredTestQuery -> null, privilegeSpawnedThreads -> false, propertyCycle -> 0, statementCacheNumDeferredCloseThreads -> 0, testConnectionOnCheckin -> false, testConnectionOnCheckout -> false, unreturnedConnectionTimeout -> 0, usesTraditionalReflectiveProxies -> false; userOverrides: {} ], dataSourceName -> null, extensions -> {}, factoryClassLocation -> null, identityToken -> 1hge13xbb19015o9om2upb|1b9ea3e3, numHelperThreads -> 3 ]
2025-06-24 16:45 INFO  Dialect:175 - HHH000400: Using dialect: org.hibernate.dialect.MySQL8Dialect
2025-06-24 16:45 INFO  access:48 - HHH10001501: Connection obtained from JdbcConnectionAccess [org.hibernate.engine.jdbc.env.internal.JdbcEnvironmentInitiator$ConnectionProviderJdbcConnectionAccess@2152ab30] for (non-JTA) DDL execution was not in auto-commit mode; the Connection 'local transaction' will be committed and the Connection will be set into auto-commit mode.
2025-06-24 16:45 INFO  JtaPlatformInitiator:52 - HHH000490: Using JtaPlatform implementation: [org.hibernate.engine.transaction.jta.platform.internal.NoJtaPlatform]
2025-06-24 16:46 INFO  Version:44 - HHH000412: Hibernate ORM core version 5.6.15.Final
2025-06-24 16:46 INFO  Version:56 - HCANN000001: Hibernate Commons Annotations {5.1.2.Final}
2025-06-24 16:46 INFO  C3P0ConnectionProvider:116 - HHH010002: C3P0 using driver: com.mysql.cj.jdbc.Driver at URL: jdbc:mysql://localhost:3306/hospital_db
2025-06-24 16:46 INFO  C3P0ConnectionProvider:117 - HHH10001001: Connection properties: {user=root, password=****}
2025-06-24 16:46 INFO  C3P0ConnectionProvider:120 - HHH10001003: Autocommit mode: false
2025-06-24 16:46 INFO  MLog:191 - MLog clients using log4j logging.
2025-06-24 16:46 INFO  C3P0Registry:248 - Initializing c3p0-0.9.5.5 [built 11-December-2019 22:18:33 -0800; debug? true; trace: 10]
2025-06-24 16:46 INFO  C3P0ConnectionProvider:200 - HHH10001007: JDBC isolation level: <unknown>
2025-06-24 16:46 INFO  AbstractPoolBackedDataSource:527 - Initializing c3p0 pool... com.mchange.v2.c3p0.PoolBackedDataSource@8642bbce [ connectionPoolDataSource -> com.mchange.v2.c3p0.WrapperConnectionPoolDataSource@9a8b8b80 [ acquireIncrement -> 3, acquireRetryAttempts -> 30, acquireRetryDelay -> 1000, autoCommitOnClose -> false, automaticTestTable -> null, breakAfterAcquireFailure -> false, checkoutTimeout -> 0, connectionCustomizerClassName -> null, connectionTesterClassName -> com.mchange.v2.c3p0.impl.DefaultConnectionTester, contextClassLoaderSource -> caller, debugUnreturnedConnectionStackTraces -> false, factoryClassLocation -> null, forceIgnoreUnresolvedTransactions -> false, forceSynchronousCheckins -> false, identityToken -> 1hge13xbb1902eal17scnjr|388ffbc2, idleConnectionTestPeriod -> 3000, initialPoolSize -> 5, maxAdministrativeTaskTime -> 0, maxConnectionAge -> 0, maxIdleTime -> 300, maxIdleTimeExcessConnections -> 0, maxPoolSize -> 20, maxStatements -> 50, maxStatementsPerConnection -> 0, minPoolSize -> 5, nestedDataSource -> com.mchange.v2.c3p0.DriverManagerDataSource@3f33c67d [ description -> null, driverClass -> null, factoryClassLocation -> null, forceUseNamedDriverClass -> false, identityToken -> 1hge13xbb1902eal17scnjr|3829ac1, jdbcUrl -> jdbc:mysql://localhost:3306/hospital_db, properties -> {user=******, password=******} ], preferredTestQuery -> null, privilegeSpawnedThreads -> false, propertyCycle -> 0, statementCacheNumDeferredCloseThreads -> 0, testConnectionOnCheckin -> false, testConnectionOnCheckout -> false, unreturnedConnectionTimeout -> 0, usesTraditionalReflectiveProxies -> false; userOverrides: {} ], dataSourceName -> null, extensions -> {}, factoryClassLocation -> null, identityToken -> 1hge13xbb1902eal17scnjr|37cd92d6, numHelperThreads -> 3 ]
2025-06-24 16:46 INFO  Dialect:175 - HHH000400: Using dialect: org.hibernate.dialect.MySQL8Dialect
2025-06-24 16:46 INFO  access:48 - HHH10001501: Connection obtained from JdbcConnectionAccess [org.hibernate.engine.jdbc.env.internal.JdbcEnvironmentInitiator$ConnectionProviderJdbcConnectionAccess@eb6ec6] for (non-JTA) DDL execution was not in auto-commit mode; the Connection 'local transaction' will be committed and the Connection will be set into auto-commit mode.
2025-06-24 16:46 INFO  JtaPlatformInitiator:52 - HHH000490: Using JtaPlatform implementation: [org.hibernate.engine.transaction.jta.platform.internal.NoJtaPlatform]
2025-06-24 16:47 INFO  Version:44 - HHH000412: Hibernate ORM core version 5.6.15.Final
2025-06-24 16:47 INFO  Version:56 - HCANN000001: Hibernate Commons Annotations {5.1.2.Final}
2025-06-24 16:48 INFO  C3P0ConnectionProvider:116 - HHH010002: C3P0 using driver: com.mysql.cj.jdbc.Driver at URL: jdbc:mysql://localhost:3306/hospital_db
2025-06-24 16:48 INFO  C3P0ConnectionProvider:117 - HHH10001001: Connection properties: {user=root, password=****}
2025-06-24 16:48 INFO  C3P0ConnectionProvider:120 - HHH10001003: Autocommit mode: false
2025-06-24 16:48 INFO  MLog:191 - MLog clients using log4j logging.
2025-06-24 16:48 INFO  C3P0Registry:248 - Initializing c3p0-0.9.5.5 [built 11-December-2019 22:18:33 -0800; debug? true; trace: 10]
2025-06-24 16:48 INFO  C3P0ConnectionProvider:200 - HHH10001007: JDBC isolation level: <unknown>
2025-06-24 16:48 INFO  AbstractPoolBackedDataSource:527 - Initializing c3p0 pool... com.mchange.v2.c3p0.PoolBackedDataSource@15a59ec3 [ connectionPoolDataSource -> com.mchange.v2.c3p0.WrapperConnectionPoolDataSource@29ee6e75 [ acquireIncrement -> 3, acquireRetryAttempts -> 30, acquireRetryDelay -> 1000, autoCommitOnClose -> false, automaticTestTable -> null, breakAfterAcquireFailure -> false, checkoutTimeout -> 0, connectionCustomizerClassName -> null, connectionTesterClassName -> com.mchange.v2.c3p0.impl.DefaultConnectionTester, contextClassLoaderSource -> caller, debugUnreturnedConnectionStackTraces -> false, factoryClassLocation -> null, forceIgnoreUnresolvedTransactions -> false, forceSynchronousCheckins -> false, identityToken -> 1hge13xbb1904k6bslaem6|388ffbc2, idleConnectionTestPeriod -> 3000, initialPoolSize -> 5, maxAdministrativeTaskTime -> 0, maxConnectionAge -> 0, maxIdleTime -> 300, maxIdleTimeExcessConnections -> 0, maxPoolSize -> 20, maxStatements -> 50, maxStatementsPerConnection -> 0, minPoolSize -> 5, nestedDataSource -> com.mchange.v2.c3p0.DriverManagerDataSource@6d1e30e8 [ description -> null, driverClass -> null, factoryClassLocation -> null, forceUseNamedDriverClass -> false, identityToken -> 1hge13xbb1904k6bslaem6|3829ac1, jdbcUrl -> jdbc:mysql://localhost:3306/hospital_db, properties -> {user=******, password=******} ], preferredTestQuery -> null, privilegeSpawnedThreads -> false, propertyCycle -> 0, statementCacheNumDeferredCloseThreads -> 0, testConnectionOnCheckin -> false, testConnectionOnCheckout -> false, unreturnedConnectionTimeout -> 0, usesTraditionalReflectiveProxies -> false; userOverrides: {} ], dataSourceName -> null, extensions -> {}, factoryClassLocation -> null, identityToken -> 1hge13xbb1904k6bslaem6|37cd92d6, numHelperThreads -> 3 ]
2025-06-24 16:48 INFO  Dialect:175 - HHH000400: Using dialect: org.hibernate.dialect.MySQL8Dialect
2025-06-24 16:48 INFO  access:48 - HHH10001501: Connection obtained from JdbcConnectionAccess [org.hibernate.engine.jdbc.env.internal.JdbcEnvironmentInitiator$ConnectionProviderJdbcConnectionAccess@eb6ec6] for (non-JTA) DDL execution was not in auto-commit mode; the Connection 'local transaction' will be committed and the Connection will be set into auto-commit mode.
2025-06-24 16:48 INFO  JtaPlatformInitiator:52 - HHH000490: Using JtaPlatform implementation: [org.hibernate.engine.transaction.jta.platform.internal.NoJtaPlatform]
2025-06-24 16:57 INFO  Version:44 - HHH000412: Hibernate ORM core version 5.6.15.Final
2025-06-24 16:57 INFO  Version:56 - HCANN000001: Hibernate Commons Annotations {5.1.2.Final}
2025-06-24 16:57 INFO  C3P0ConnectionProvider:116 - HHH010002: C3P0 using driver: com.mysql.cj.jdbc.Driver at URL: jdbc:mysql://localhost:3306/hospital_db
2025-06-24 16:57 INFO  C3P0ConnectionProvider:117 - HHH10001001: Connection properties: {user=root, password=****}
2025-06-24 16:57 INFO  C3P0ConnectionProvider:120 - HHH10001003: Autocommit mode: false
2025-06-24 16:57 INFO  MLog:191 - MLog clients using log4j logging.
2025-06-24 16:57 INFO  C3P0Registry:248 - Initializing c3p0-0.9.5.5 [built 11-December-2019 22:18:33 -0800; debug? true; trace: 10]
2025-06-24 16:57 INFO  C3P0ConnectionProvider:200 - HHH10001007: JDBC isolation level: <unknown>
2025-06-24 16:57 INFO  AbstractPoolBackedDataSource:527 - Initializing c3p0 pool... com.mchange.v2.c3p0.PoolBackedDataSource@be0ae2e6 [ connectionPoolDataSource -> com.mchange.v2.c3p0.WrapperConnectionPoolDataSource@8d53e597 [ acquireIncrement -> 3, acquireRetryAttempts -> 30, acquireRetryDelay -> 1000, autoCommitOnClose -> false, automaticTestTable -> null, breakAfterAcquireFailure -> false, checkoutTimeout -> 0, connectionCustomizerClassName -> null, connectionTesterClassName -> com.mchange.v2.c3p0.impl.DefaultConnectionTester, contextClassLoaderSource -> caller, debugUnreturnedConnectionStackTraces -> false, factoryClassLocation -> null, forceIgnoreUnresolvedTransactions -> false, forceSynchronousCheckins -> false, identityToken -> 1hge13xbb190h9w9lf0e9e|43ed0ff3, idleConnectionTestPeriod -> 3000, initialPoolSize -> 5, maxAdministrativeTaskTime -> 0, maxConnectionAge -> 0, maxIdleTime -> 300, maxIdleTimeExcessConnections -> 0, maxPoolSize -> 20, maxStatements -> 50, maxStatementsPerConnection -> 0, minPoolSize -> 5, nestedDataSource -> com.mchange.v2.c3p0.DriverManagerDataSource@c3307ae3 [ description -> null, driverClass -> null, factoryClassLocation -> null, forceUseNamedDriverClass -> false, identityToken -> 1hge13xbb190h9w9lf0e9e|3f363cf5, jdbcUrl -> jdbc:mysql://localhost:3306/hospital_db, properties -> {user=******, password=******} ], preferredTestQuery -> null, privilegeSpawnedThreads -> false, propertyCycle -> 0, statementCacheNumDeferredCloseThreads -> 0, testConnectionOnCheckin -> false, testConnectionOnCheckout -> false, unreturnedConnectionTimeout -> 0, usesTraditionalReflectiveProxies -> false; userOverrides: {} ], dataSourceName -> null, extensions -> {}, factoryClassLocation -> null, identityToken -> 1hge13xbb190h9w9lf0e9e|55e7a35c, numHelperThreads -> 3 ]
2025-06-24 16:57 INFO  Dialect:175 - HHH000400: Using dialect: org.hibernate.dialect.MySQL8Dialect
2025-06-24 16:57 INFO  access:48 - HHH10001501: Connection obtained from JdbcConnectionAccess [org.hibernate.engine.jdbc.env.internal.JdbcEnvironmentInitiator$ConnectionProviderJdbcConnectionAccess@3902bd2c] for (non-JTA) DDL execution was not in auto-commit mode; the Connection 'local transaction' will be committed and the Connection will be set into auto-commit mode.
2025-06-24 16:57 INFO  JtaPlatformInitiator:52 - HHH000490: Using JtaPlatform implementation: [org.hibernate.engine.transaction.jta.platform.internal.NoJtaPlatform]
2025-06-24 17:32 INFO  Version:44 - HHH000412: Hibernate ORM core version 5.6.15.Final
2025-06-24 17:32 INFO  Version:56 - HCANN000001: Hibernate Commons Annotations {5.1.2.Final}
2025-06-24 17:32 INFO  C3P0ConnectionProvider:116 - HHH010002: C3P0 using driver: com.mysql.cj.jdbc.Driver at URL: jdbc:mysql://localhost:3306/hospital_db
2025-06-24 17:32 INFO  C3P0ConnectionProvider:117 - HHH10001001: Connection properties: {user=root, password=****}
2025-06-24 17:32 INFO  C3P0ConnectionProvider:120 - HHH10001003: Autocommit mode: false
2025-06-24 17:32 INFO  MLog:191 - MLog clients using log4j logging.
2025-06-24 17:32 INFO  C3P0Registry:248 - Initializing c3p0-0.9.5.5 [built 11-December-2019 22:18:33 -0800; debug? true; trace: 10]
2025-06-24 17:32 INFO  C3P0ConnectionProvider:200 - HHH10001007: JDBC isolation level: <unknown>
2025-06-24 17:32 INFO  AbstractPoolBackedDataSource:527 - Initializing c3p0 pool... com.mchange.v2.c3p0.PoolBackedDataSource@76dae63f [ connectionPoolDataSource -> com.mchange.v2.c3p0.WrapperConnectionPoolDataSource@7e6669c0 [ acquireIncrement -> 3, acquireRetryAttempts -> 30, acquireRetryDelay -> 1000, autoCommitOnClose -> false, automaticTestTable -> null, breakAfterAcquireFailure -> false, checkoutTimeout -> 0, connectionCustomizerClassName -> null, connectionTesterClassName -> com.mchange.v2.c3p0.impl.DefaultConnectionTester, contextClassLoaderSource -> caller, debugUnreturnedConnectionStackTraces -> false, factoryClassLocation -> null, forceIgnoreUnresolvedTransactions -> false, forceSynchronousCheckins -> false, identityToken -> 1hge13xbb191qaly1tmq1a5|e6516e, idleConnectionTestPeriod -> 3000, initialPoolSize -> 5, maxAdministrativeTaskTime -> 0, maxConnectionAge -> 0, maxIdleTime -> 300, maxIdleTimeExcessConnections -> 0, maxPoolSize -> 20, maxStatements -> 50, maxStatementsPerConnection -> 0, minPoolSize -> 5, nestedDataSource -> com.mchange.v2.c3p0.DriverManagerDataSource@d4e2da01 [ description -> null, driverClass -> null, factoryClassLocation -> null, forceUseNamedDriverClass -> false, identityToken -> 1hge13xbb191qaly1tmq1a5|76f7d241, jdbcUrl -> jdbc:mysql://localhost:3306/hospital_db, properties -> {user=******, password=******} ], preferredTestQuery -> null, privilegeSpawnedThreads -> false, propertyCycle -> 0, statementCacheNumDeferredCloseThreads -> 0, testConnectionOnCheckin -> false, testConnectionOnCheckout -> false, unreturnedConnectionTimeout -> 0, usesTraditionalReflectiveProxies -> false; userOverrides: {} ], dataSourceName -> null, extensions -> {}, factoryClassLocation -> null, identityToken -> 1hge13xbb191qaly1tmq1a5|1b9ea3e3, numHelperThreads -> 3 ]
2025-06-24 17:32 INFO  Dialect:175 - HHH000400: Using dialect: org.hibernate.dialect.MySQL8Dialect
2025-06-24 17:32 INFO  access:48 - HHH10001501: Connection obtained from JdbcConnectionAccess [org.hibernate.engine.jdbc.env.internal.JdbcEnvironmentInitiator$ConnectionProviderJdbcConnectionAccess@62b790a5] for (non-JTA) DDL execution was not in auto-commit mode; the Connection 'local transaction' will be committed and the Connection will be set into auto-commit mode.
2025-06-24 17:32 INFO  JtaPlatformInitiator:52 - HHH000490: Using JtaPlatform implementation: [org.hibernate.engine.transaction.jta.platform.internal.NoJtaPlatform]
2025-06-25 04:28 INFO  Version:44 - HHH000412: Hibernate ORM core version 5.6.15.Final
2025-06-25 04:28 INFO  Version:56 - HCANN000001: Hibernate Commons Annotations {5.1.2.Final}
2025-06-25 04:28 INFO  C3P0ConnectionProvider:116 - HHH010002: C3P0 using driver: com.mysql.cj.jdbc.Driver at URL: jdbc:mysql://localhost:3306/hospital_db
2025-06-25 04:28 INFO  C3P0ConnectionProvider:117 - HHH10001001: Connection properties: {user=root, password=****}
2025-06-25 04:28 INFO  C3P0ConnectionProvider:120 - HHH10001003: Autocommit mode: false
2025-06-25 04:28 INFO  MLog:191 - MLog clients using log4j logging.
2025-06-25 04:28 INFO  C3P0Registry:248 - Initializing c3p0-0.9.5.5 [built 11-December-2019 22:18:33 -0800; debug? true; trace: 10]
2025-06-25 04:28 INFO  C3P0ConnectionProvider:200 - HHH10001007: JDBC isolation level: <unknown>
2025-06-25 04:28 INFO  AbstractPoolBackedDataSource:527 - Initializing c3p0 pool... com.mchange.v2.c3p0.PoolBackedDataSource@1a7f31fc [ connectionPoolDataSource -> com.mchange.v2.c3p0.WrapperConnectionPoolDataSource@2ec801ae [ acquireIncrement -> 3, acquireRetryAttempts -> 30, acquireRetryDelay -> 1000, autoCommitOnClose -> false, automaticTestTable -> null, breakAfterAcquireFailure -> false, checkoutTimeout -> 0, connectionCustomizerClassName -> null, connectionTesterClassName -> com.mchange.v2.c3p0.impl.DefaultConnectionTester, contextClassLoaderSource -> caller, debugUnreturnedConnectionStackTraces -> false, factoryClassLocation -> null, forceIgnoreUnresolvedTransactions -> false, forceSynchronousCheckins -> false, identityToken -> 1bqve9tbb19p59ce1f18bah|388ffbc2, idleConnectionTestPeriod -> 3000, initialPoolSize -> 5, maxAdministrativeTaskTime -> 0, maxConnectionAge -> 0, maxIdleTime -> 300, maxIdleTimeExcessConnections -> 0, maxPoolSize -> 20, maxStatements -> 50, maxStatementsPerConnection -> 0, minPoolSize -> 5, nestedDataSource -> com.mchange.v2.c3p0.DriverManagerDataSource@b798d28f [ description -> null, driverClass -> null, factoryClassLocation -> null, forceUseNamedDriverClass -> false, identityToken -> 1bqve9tbb19p59ce1f18bah|3829ac1, jdbcUrl -> jdbc:mysql://localhost:3306/hospital_db, properties -> {user=******, password=******} ], preferredTestQuery -> null, privilegeSpawnedThreads -> false, propertyCycle -> 0, statementCacheNumDeferredCloseThreads -> 0, testConnectionOnCheckin -> false, testConnectionOnCheckout -> false, unreturnedConnectionTimeout -> 0, usesTraditionalReflectiveProxies -> false; userOverrides: {} ], dataSourceName -> null, extensions -> {}, factoryClassLocation -> null, identityToken -> 1bqve9tbb19p59ce1f18bah|37cd92d6, numHelperThreads -> 3 ]
2025-06-25 04:28 INFO  Dialect:175 - HHH000400: Using dialect: org.hibernate.dialect.MySQL8Dialect
2025-06-25 04:28 INFO  access:48 - HHH10001501: Connection obtained from JdbcConnectionAccess [org.hibernate.engine.jdbc.env.internal.JdbcEnvironmentInitiator$ConnectionProviderJdbcConnectionAccess@2806d6da] for (non-JTA) DDL execution was not in auto-commit mode; the Connection 'local transaction' will be committed and the Connection will be set into auto-commit mode.
2025-06-25 04:28 INFO  JtaPlatformInitiator:52 - HHH000490: Using JtaPlatform implementation: [org.hibernate.engine.transaction.jta.platform.internal.NoJtaPlatform]
2025-06-25 04:32 INFO  Version:44 - HHH000412: Hibernate ORM core version 5.6.15.Final
2025-06-25 04:32 INFO  Version:56 - HCANN000001: Hibernate Commons Annotations {5.1.2.Final}
2025-06-25 04:32 INFO  C3P0ConnectionProvider:116 - HHH010002: C3P0 using driver: com.mysql.cj.jdbc.Driver at URL: jdbc:mysql://localhost:3306/hospital_db
2025-06-25 04:32 INFO  C3P0ConnectionProvider:117 - HHH10001001: Connection properties: {user=root, password=****}
2025-06-25 04:32 INFO  C3P0ConnectionProvider:120 - HHH10001003: Autocommit mode: false
2025-06-25 04:32 INFO  MLog:191 - MLog clients using log4j logging.
2025-06-25 04:32 INFO  C3P0Registry:248 - Initializing c3p0-0.9.5.5 [built 11-December-2019 22:18:33 -0800; debug? true; trace: 10]
2025-06-25 04:32 INFO  C3P0ConnectionProvider:200 - HHH10001007: JDBC isolation level: <unknown>
2025-06-25 04:32 INFO  AbstractPoolBackedDataSource:527 - Initializing c3p0 pool... com.mchange.v2.c3p0.PoolBackedDataSource@70747769 [ connectionPoolDataSource -> com.mchange.v2.c3p0.WrapperConnectionPoolDataSource@84bd471b [ acquireIncrement -> 3, acquireRetryAttempts -> 30, acquireRetryDelay -> 1000, autoCommitOnClose -> false, automaticTestTable -> null, breakAfterAcquireFailure -> false, checkoutTimeout -> 0, connectionCustomizerClassName -> null, connectionTesterClassName -> com.mchange.v2.c3p0.impl.DefaultConnectionTester, contextClassLoaderSource -> caller, debugUnreturnedConnectionStackTraces -> false, factoryClassLocation -> null, forceIgnoreUnresolvedTransactions -> false, forceSynchronousCheckins -> false, identityToken -> 1bqve9tbb19payg210tou62|388ffbc2, idleConnectionTestPeriod -> 3000, initialPoolSize -> 5, maxAdministrativeTaskTime -> 0, maxConnectionAge -> 0, maxIdleTime -> 300, maxIdleTimeExcessConnections -> 0, maxPoolSize -> 20, maxStatements -> 50, maxStatementsPerConnection -> 0, minPoolSize -> 5, nestedDataSource -> com.mchange.v2.c3p0.DriverManagerDataSource@ba5eab82 [ description -> null, driverClass -> null, factoryClassLocation -> null, forceUseNamedDriverClass -> false, identityToken -> 1bqve9tbb19payg210tou62|3829ac1, jdbcUrl -> jdbc:mysql://localhost:3306/hospital_db, properties -> {user=******, password=******} ], preferredTestQuery -> null, privilegeSpawnedThreads -> false, propertyCycle -> 0, statementCacheNumDeferredCloseThreads -> 0, testConnectionOnCheckin -> false, testConnectionOnCheckout -> false, unreturnedConnectionTimeout -> 0, usesTraditionalReflectiveProxies -> false; userOverrides: {} ], dataSourceName -> null, extensions -> {}, factoryClassLocation -> null, identityToken -> 1bqve9tbb19payg210tou62|37cd92d6, numHelperThreads -> 3 ]
2025-06-25 04:32 INFO  Dialect:175 - HHH000400: Using dialect: org.hibernate.dialect.MySQL8Dialect
2025-06-25 04:32 INFO  access:48 - HHH10001501: Connection obtained from JdbcConnectionAccess [org.hibernate.engine.jdbc.env.internal.JdbcEnvironmentInitiator$ConnectionProviderJdbcConnectionAccess@2806d6da] for (non-JTA) DDL execution was not in auto-commit mode; the Connection 'local transaction' will be committed and the Connection will be set into auto-commit mode.
2025-06-25 04:32 INFO  JtaPlatformInitiator:52 - HHH000490: Using JtaPlatform implementation: [org.hibernate.engine.transaction.jta.platform.internal.NoJtaPlatform]
2025-06-25 08:10 INFO  Version:44 - HHH000412: Hibernate ORM core version 5.6.15.Final
2025-06-25 08:10 INFO  Version:56 - HCANN000001: Hibernate Commons Annotations {5.1.2.Final}
2025-06-25 08:10 INFO  C3P0ConnectionProvider:116 - HHH010002: C3P0 using driver: com.mysql.cj.jdbc.Driver at URL: jdbc:mysql://localhost:3306/hospital_db
2025-06-25 08:10 INFO  C3P0ConnectionProvider:117 - HHH10001001: Connection properties: {user=root, password=****}
2025-06-25 08:10 INFO  C3P0ConnectionProvider:120 - HHH10001003: Autocommit mode: false
2025-06-25 08:10 INFO  MLog:191 - MLog clients using log4j logging.
2025-06-25 08:10 INFO  C3P0Registry:248 - Initializing c3p0-0.9.5.5 [built 11-December-2019 22:18:33 -0800; debug? true; trace: 10]
2025-06-25 08:10 INFO  C3P0ConnectionProvider:200 - HHH10001007: JDBC isolation level: <unknown>
2025-06-25 08:10 INFO  AbstractPoolBackedDataSource:527 - Initializing c3p0 pool... com.mchange.v2.c3p0.PoolBackedDataSource@61e9d28c [ connectionPoolDataSource -> com.mchange.v2.c3p0.WrapperConnectionPoolDataSource@f2203a2f [ acquireIncrement -> 3, acquireRetryAttempts -> 30, acquireRetryDelay -> 1000, autoCommitOnClose -> false, automaticTestTable -> null, breakAfterAcquireFailure -> false, checkoutTimeout -> 0, connectionCustomizerClassName -> null, connectionTesterClassName -> com.mchange.v2.c3p0.impl.DefaultConnectionTester, contextClassLoaderSource -> caller, debugUnreturnedConnectionStackTraces -> false, factoryClassLocation -> null, forceIgnoreUnresolvedTransactions -> false, forceSynchronousCheckins -> false, identityToken -> 1bqve9tbb19x34iinbbnez|6691490c, idleConnectionTestPeriod -> 3000, initialPoolSize -> 5, maxAdministrativeTaskTime -> 0, maxConnectionAge -> 0, maxIdleTime -> 300, maxIdleTimeExcessConnections -> 0, maxPoolSize -> 20, maxStatements -> 50, maxStatementsPerConnection -> 0, minPoolSize -> 5, nestedDataSource -> com.mchange.v2.c3p0.DriverManagerDataSource@e064cabb [ description -> null, driverClass -> null, factoryClassLocation -> null, forceUseNamedDriverClass -> false, identityToken -> 1bqve9tbb19x34iinbbnez|15eebbff, jdbcUrl -> jdbc:mysql://localhost:3306/hospital_db, properties -> {user=******, password=******} ], preferredTestQuery -> null, privilegeSpawnedThreads -> false, propertyCycle -> 0, statementCacheNumDeferredCloseThreads -> 0, testConnectionOnCheckin -> false, testConnectionOnCheckout -> false, unreturnedConnectionTimeout -> 0, usesTraditionalReflectiveProxies -> false; userOverrides: {} ], dataSourceName -> null, extensions -> {}, factoryClassLocation -> null, identityToken -> 1bqve9tbb19x34iinbbnez|2af616d3, numHelperThreads -> 3 ]
2025-06-25 08:11 WARN  BasicResourcePool:1949 - com.mchange.v2.resourcepool.BasicResourcePool$ScatteredAcquireTask@3dd892bd -- Acquisition Attempt Failed!!! Clearing pending acquires. While trying to acquire a needed new resource, we failed to succeed more than the maximum number of allowed acquisition attempts (30). Last acquisition attempt exception: 
java.sql.SQLSyntaxErrorException: Unknown database 'hospital_db'
	at com.mysql.cj.jdbc.exceptions.SQLError.createSQLException(SQLError.java:121)
	at com.mysql.cj.jdbc.exceptions.SQLExceptionsMapping.translateException(SQLExceptionsMapping.java:122)
	at com.mysql.cj.jdbc.ConnectionImpl.createNewIO(ConnectionImpl.java:825)
	at com.mysql.cj.jdbc.ConnectionImpl.<init>(ConnectionImpl.java:446)
	at com.mysql.cj.jdbc.ConnectionImpl.getInstance(ConnectionImpl.java:239)
	at com.mysql.cj.jdbc.NonRegisteringDriver.connect(NonRegisteringDriver.java:188)
	at com.mchange.v2.c3p0.DriverManagerDataSource.getConnection(DriverManagerDataSource.java:175)
	at com.mchange.v2.c3p0.WrapperConnectionPoolDataSource.getPooledConnection(WrapperConnectionPoolDataSource.java:220)
	at com.mchange.v2.c3p0.WrapperConnectionPoolDataSource.getPooledConnection(WrapperConnectionPoolDataSource.java:206)
	at com.mchange.v2.c3p0.impl.C3P0PooledConnectionPool$1PooledConnectionResourcePoolManager.acquireResource(C3P0PooledConnectionPool.java:203)
	at com.mchange.v2.resourcepool.BasicResourcePool.doAcquire(BasicResourcePool.java:1176)
	at com.mchange.v2.resourcepool.BasicResourcePool.doAcquireAndDecrementPendingAcquiresWithinLockOnSuccess(BasicResourcePool.java:1163)
	at com.mchange.v2.resourcepool.BasicResourcePool.access$700(BasicResourcePool.java:44)
	at com.mchange.v2.resourcepool.BasicResourcePool$ScatteredAcquireTask.run(BasicResourcePool.java:1908)
	at com.mchange.v2.async.ThreadPoolAsynchronousRunner$PoolThread.run(ThreadPoolAsynchronousRunner.java:696)
2025-06-25 08:11 WARN  BasicResourcePool:1949 - com.mchange.v2.resourcepool.BasicResourcePool$ScatteredAcquireTask@11c2a183 -- Acquisition Attempt Failed!!! Clearing pending acquires. While trying to acquire a needed new resource, we failed to succeed more than the maximum number of allowed acquisition attempts (30). Last acquisition attempt exception: 
java.sql.SQLSyntaxErrorException: Unknown database 'hospital_db'
	at com.mysql.cj.jdbc.exceptions.SQLError.createSQLException(SQLError.java:121)
	at com.mysql.cj.jdbc.exceptions.SQLExceptionsMapping.translateException(SQLExceptionsMapping.java:122)
	at com.mysql.cj.jdbc.ConnectionImpl.createNewIO(ConnectionImpl.java:825)
	at com.mysql.cj.jdbc.ConnectionImpl.<init>(ConnectionImpl.java:446)
	at com.mysql.cj.jdbc.ConnectionImpl.getInstance(ConnectionImpl.java:239)
	at com.mysql.cj.jdbc.NonRegisteringDriver.connect(NonRegisteringDriver.java:188)
	at com.mchange.v2.c3p0.DriverManagerDataSource.getConnection(DriverManagerDataSource.java:175)
	at com.mchange.v2.c3p0.WrapperConnectionPoolDataSource.getPooledConnection(WrapperConnectionPoolDataSource.java:220)
	at com.mchange.v2.c3p0.WrapperConnectionPoolDataSource.getPooledConnection(WrapperConnectionPoolDataSource.java:206)
	at com.mchange.v2.c3p0.impl.C3P0PooledConnectionPool$1PooledConnectionResourcePoolManager.acquireResource(C3P0PooledConnectionPool.java:203)
	at com.mchange.v2.resourcepool.BasicResourcePool.doAcquire(BasicResourcePool.java:1176)
	at com.mchange.v2.resourcepool.BasicResourcePool.doAcquireAndDecrementPendingAcquiresWithinLockOnSuccess(BasicResourcePool.java:1163)
	at com.mchange.v2.resourcepool.BasicResourcePool.access$700(BasicResourcePool.java:44)
	at com.mchange.v2.resourcepool.BasicResourcePool$ScatteredAcquireTask.run(BasicResourcePool.java:1908)
	at com.mchange.v2.async.ThreadPoolAsynchronousRunner$PoolThread.run(ThreadPoolAsynchronousRunner.java:696)
2025-06-25 08:11 WARN  BasicResourcePool:1949 - com.mchange.v2.resourcepool.BasicResourcePool$ScatteredAcquireTask@301d8688 -- Acquisition Attempt Failed!!! Clearing pending acquires. While trying to acquire a needed new resource, we failed to succeed more than the maximum number of allowed acquisition attempts (30). Last acquisition attempt exception: 
java.sql.SQLSyntaxErrorException: Unknown database 'hospital_db'
	at com.mysql.cj.jdbc.exceptions.SQLError.createSQLException(SQLError.java:121)
	at com.mysql.cj.jdbc.exceptions.SQLExceptionsMapping.translateException(SQLExceptionsMapping.java:122)
	at com.mysql.cj.jdbc.ConnectionImpl.createNewIO(ConnectionImpl.java:825)
	at com.mysql.cj.jdbc.ConnectionImpl.<init>(ConnectionImpl.java:446)
	at com.mysql.cj.jdbc.ConnectionImpl.getInstance(ConnectionImpl.java:239)
	at com.mysql.cj.jdbc.NonRegisteringDriver.connect(NonRegisteringDriver.java:188)
	at com.mchange.v2.c3p0.DriverManagerDataSource.getConnection(DriverManagerDataSource.java:175)
	at com.mchange.v2.c3p0.WrapperConnectionPoolDataSource.getPooledConnection(WrapperConnectionPoolDataSource.java:220)
	at com.mchange.v2.c3p0.WrapperConnectionPoolDataSource.getPooledConnection(WrapperConnectionPoolDataSource.java:206)
	at com.mchange.v2.c3p0.impl.C3P0PooledConnectionPool$1PooledConnectionResourcePoolManager.acquireResource(C3P0PooledConnectionPool.java:203)
	at com.mchange.v2.resourcepool.BasicResourcePool.doAcquire(BasicResourcePool.java:1176)
	at com.mchange.v2.resourcepool.BasicResourcePool.doAcquireAndDecrementPendingAcquiresWithinLockOnSuccess(BasicResourcePool.java:1163)
	at com.mchange.v2.resourcepool.BasicResourcePool.access$700(BasicResourcePool.java:44)
	at com.mchange.v2.resourcepool.BasicResourcePool$ScatteredAcquireTask.run(BasicResourcePool.java:1908)
	at com.mchange.v2.async.ThreadPoolAsynchronousRunner$PoolThread.run(ThreadPoolAsynchronousRunner.java:696)
2025-06-25 08:11 WARN  BasicResourcePool:946 - Having failed to acquire a resource, com.mchange.v2.resourcepool.BasicResourcePool@29caf222 is interrupting all Threads waiting on a resource to check out. Will try again in response to new client requests.
2025-06-25 08:11 WARN  BasicResourcePool:946 - Having failed to acquire a resource, com.mchange.v2.resourcepool.BasicResourcePool@29caf222 is interrupting all Threads waiting on a resource to check out. Will try again in response to new client requests.
2025-06-25 08:11 WARN  BasicResourcePool:946 - Having failed to acquire a resource, com.mchange.v2.resourcepool.BasicResourcePool@29caf222 is interrupting all Threads waiting on a resource to check out. Will try again in response to new client requests.
2025-06-25 08:11 WARN  JdbcEnvironmentInitiator:133 - HHH000342: Could not obtain connection to query metadata
java.sql.SQLException: Connections could not be acquired from the underlying database!
	at com.mchange.v2.sql.SqlUtils.toSQLException(SqlUtils.java:118)
	at com.mchange.v2.c3p0.impl.C3P0PooledConnectionPool.checkoutPooledConnection(C3P0PooledConnectionPool.java:692)
	at com.mchange.v2.c3p0.impl.AbstractPoolBackedDataSource.getConnection(AbstractPoolBackedDataSource.java:140)
	at org.hibernate.c3p0.internal.C3P0ConnectionProvider.getConnection(C3P0ConnectionProvider.java:72)
	at org.hibernate.engine.jdbc.env.internal.JdbcEnvironmentInitiator$ConnectionProviderJdbcConnectionAccess.obtainConnection(JdbcEnvironmentInitiator.java:181)
	at org.hibernate.engine.jdbc.env.internal.JdbcEnvironmentInitiator.initiateService(JdbcEnvironmentInitiator.java:68)
	at org.hibernate.engine.jdbc.env.internal.JdbcEnvironmentInitiator.initiateService(JdbcEnvironmentInitiator.java:35)
	at org.hibernate.boot.registry.internal.StandardServiceRegistryImpl.initiateService(StandardServiceRegistryImpl.java:101)
	at org.hibernate.service.internal.AbstractServiceRegistryImpl.createService(AbstractServiceRegistryImpl.java:272)
	at org.hibernate.service.internal.AbstractServiceRegistryImpl.initializeService(AbstractServiceRegistryImpl.java:246)
	at org.hibernate.service.internal.AbstractServiceRegistryImpl.getService(AbstractServiceRegistryImpl.java:223)
	at org.hibernate.id.factory.internal.DefaultIdentifierGeneratorFactory.injectServices(DefaultIdentifierGeneratorFactory.java:175)
	at org.hibernate.service.internal.AbstractServiceRegistryImpl.injectDependencies(AbstractServiceRegistryImpl.java:295)
	at org.hibernate.service.internal.AbstractServiceRegistryImpl.initializeService(AbstractServiceRegistryImpl.java:252)
	at org.hibernate.service.internal.AbstractServiceRegistryImpl.getService(AbstractServiceRegistryImpl.java:223)
	at org.hibernate.boot.internal.InFlightMetadataCollectorImpl.<init>(InFlightMetadataCollectorImpl.java:173)
	at org.hibernate.boot.model.process.spi.MetadataBuildingProcess.complete(MetadataBuildingProcess.java:127)
	at org.hibernate.boot.model.process.spi.MetadataBuildingProcess.build(MetadataBuildingProcess.java:86)
	at org.hibernate.boot.internal.MetadataBuilderImpl.build(MetadataBuilderImpl.java:479)
	at org.hibernate.boot.internal.MetadataBuilderImpl.build(MetadataBuilderImpl.java:85)
	at org.hibernate.cfg.Configuration.buildSessionFactory(Configuration.java:709)
	at org.hibernate.cfg.Configuration.buildSessionFactory(Configuration.java:746)
	at org.pahappa.service.HibernateUtil.buildSessionFactory(HibernateUtil.java:14)
	at org.pahappa.service.HibernateUtil.<clinit>(HibernateUtil.java:8)
	at org.pahappa.dao.UserDao.findByUsername(UserDao.java:14)
	at org.pahappa.main.DataInitializer.initialize(DataInitializer.java:19)
	at org.pahappa.main.Main.main(Main.java:20)
Caused by: com.mchange.v2.resourcepool.CannotAcquireResourceException: A ResourcePool could not acquire a resource from its primary factory or source.
	at com.mchange.v2.resourcepool.BasicResourcePool.awaitAvailable(BasicResourcePool.java:1507)
	at com.mchange.v2.resourcepool.BasicResourcePool.prelimCheckoutResource(BasicResourcePool.java:644)
	at com.mchange.v2.resourcepool.BasicResourcePool.checkoutResource(BasicResourcePool.java:554)
	at com.mchange.v2.c3p0.impl.C3P0PooledConnectionPool.checkoutAndMarkConnectionInUse(C3P0PooledConnectionPool.java:758)
	at com.mchange.v2.c3p0.impl.C3P0PooledConnectionPool.checkoutPooledConnection(C3P0PooledConnectionPool.java:685)
	... 25 more
Caused by: java.sql.SQLSyntaxErrorException: Unknown database 'hospital_db'
	at com.mysql.cj.jdbc.exceptions.SQLError.createSQLException(SQLError.java:121)
	at com.mysql.cj.jdbc.exceptions.SQLExceptionsMapping.translateException(SQLExceptionsMapping.java:122)
	at com.mysql.cj.jdbc.ConnectionImpl.createNewIO(ConnectionImpl.java:825)
	at com.mysql.cj.jdbc.ConnectionImpl.<init>(ConnectionImpl.java:446)
	at com.mysql.cj.jdbc.ConnectionImpl.getInstance(ConnectionImpl.java:239)
	at com.mysql.cj.jdbc.NonRegisteringDriver.connect(NonRegisteringDriver.java:188)
	at com.mchange.v2.c3p0.DriverManagerDataSource.getConnection(DriverManagerDataSource.java:175)
	at com.mchange.v2.c3p0.WrapperConnectionPoolDataSource.getPooledConnection(WrapperConnectionPoolDataSource.java:220)
	at com.mchange.v2.c3p0.WrapperConnectionPoolDataSource.getPooledConnection(WrapperConnectionPoolDataSource.java:206)
	at com.mchange.v2.c3p0.impl.C3P0PooledConnectionPool$1PooledConnectionResourcePoolManager.acquireResource(C3P0PooledConnectionPool.java:203)
	at com.mchange.v2.resourcepool.BasicResourcePool.doAcquire(BasicResourcePool.java:1176)
	at com.mchange.v2.resourcepool.BasicResourcePool.doAcquireAndDecrementPendingAcquiresWithinLockOnSuccess(BasicResourcePool.java:1163)
	at com.mchange.v2.resourcepool.BasicResourcePool.access$700(BasicResourcePool.java:44)
	at com.mchange.v2.resourcepool.BasicResourcePool$ScatteredAcquireTask.run(BasicResourcePool.java:1908)
	at com.mchange.v2.async.ThreadPoolAsynchronousRunner$PoolThread.run(ThreadPoolAsynchronousRunner.java:696)
2025-06-25 08:11 WARN  BasicResourcePool:1949 - com.mchange.v2.resourcepool.BasicResourcePool$ScatteredAcquireTask@7e4180b1 -- Acquisition Attempt Failed!!! Clearing pending acquires. While trying to acquire a needed new resource, we failed to succeed more than the maximum number of allowed acquisition attempts (30). Last acquisition attempt exception: 
java.sql.SQLSyntaxErrorException: Unknown database 'hospital_db'
	at com.mysql.cj.jdbc.exceptions.SQLError.createSQLException(SQLError.java:121)
	at com.mysql.cj.jdbc.exceptions.SQLExceptionsMapping.translateException(SQLExceptionsMapping.java:122)
	at com.mysql.cj.jdbc.ConnectionImpl.createNewIO(ConnectionImpl.java:825)
	at com.mysql.cj.jdbc.ConnectionImpl.<init>(ConnectionImpl.java:446)
	at com.mysql.cj.jdbc.ConnectionImpl.getInstance(ConnectionImpl.java:239)
	at com.mysql.cj.jdbc.NonRegisteringDriver.connect(NonRegisteringDriver.java:188)
	at com.mchange.v2.c3p0.DriverManagerDataSource.getConnection(DriverManagerDataSource.java:175)
	at com.mchange.v2.c3p0.WrapperConnectionPoolDataSource.getPooledConnection(WrapperConnectionPoolDataSource.java:220)
	at com.mchange.v2.c3p0.WrapperConnectionPoolDataSource.getPooledConnection(WrapperConnectionPoolDataSource.java:206)
	at com.mchange.v2.c3p0.impl.C3P0PooledConnectionPool$1PooledConnectionResourcePoolManager.acquireResource(C3P0PooledConnectionPool.java:203)
	at com.mchange.v2.resourcepool.BasicResourcePool.doAcquire(BasicResourcePool.java:1176)
	at com.mchange.v2.resourcepool.BasicResourcePool.doAcquireAndDecrementPendingAcquiresWithinLockOnSuccess(BasicResourcePool.java:1163)
	at com.mchange.v2.resourcepool.BasicResourcePool.access$700(BasicResourcePool.java:44)
	at com.mchange.v2.resourcepool.BasicResourcePool$ScatteredAcquireTask.run(BasicResourcePool.java:1908)
	at com.mchange.v2.async.ThreadPoolAsynchronousRunner$PoolThread.run(ThreadPoolAsynchronousRunner.java:696)
2025-06-25 08:11 WARN  BasicResourcePool:946 - Having failed to acquire a resource, com.mchange.v2.resourcepool.BasicResourcePool@29caf222 is interrupting all Threads waiting on a resource to check out. Will try again in response to new client requests.
2025-06-25 08:11 WARN  BasicResourcePool:1949 - com.mchange.v2.resourcepool.BasicResourcePool$ScatteredAcquireTask@47b05e4c -- Acquisition Attempt Failed!!! Clearing pending acquires. While trying to acquire a needed new resource, we failed to succeed more than the maximum number of allowed acquisition attempts (30). Last acquisition attempt exception: 
java.sql.SQLSyntaxErrorException: Unknown database 'hospital_db'
	at com.mysql.cj.jdbc.exceptions.SQLError.createSQLException(SQLError.java:121)
	at com.mysql.cj.jdbc.exceptions.SQLExceptionsMapping.translateException(SQLExceptionsMapping.java:122)
	at com.mysql.cj.jdbc.ConnectionImpl.createNewIO(ConnectionImpl.java:825)
	at com.mysql.cj.jdbc.ConnectionImpl.<init>(ConnectionImpl.java:446)
	at com.mysql.cj.jdbc.ConnectionImpl.getInstance(ConnectionImpl.java:239)
	at com.mysql.cj.jdbc.NonRegisteringDriver.connect(NonRegisteringDriver.java:188)
	at com.mchange.v2.c3p0.DriverManagerDataSource.getConnection(DriverManagerDataSource.java:175)
	at com.mchange.v2.c3p0.WrapperConnectionPoolDataSource.getPooledConnection(WrapperConnectionPoolDataSource.java:220)
	at com.mchange.v2.c3p0.WrapperConnectionPoolDataSource.getPooledConnection(WrapperConnectionPoolDataSource.java:206)
	at com.mchange.v2.c3p0.impl.C3P0PooledConnectionPool$1PooledConnectionResourcePoolManager.acquireResource(C3P0PooledConnectionPool.java:203)
	at com.mchange.v2.resourcepool.BasicResourcePool.doAcquire(BasicResourcePool.java:1176)
	at com.mchange.v2.resourcepool.BasicResourcePool.doAcquireAndDecrementPendingAcquiresWithinLockOnSuccess(BasicResourcePool.java:1163)
	at com.mchange.v2.resourcepool.BasicResourcePool.access$700(BasicResourcePool.java:44)
	at com.mchange.v2.resourcepool.BasicResourcePool$ScatteredAcquireTask.run(BasicResourcePool.java:1908)
	at com.mchange.v2.async.ThreadPoolAsynchronousRunner$PoolThread.run(ThreadPoolAsynchronousRunner.java:696)
2025-06-25 08:11 WARN  BasicResourcePool:946 - Having failed to acquire a resource, com.mchange.v2.resourcepool.BasicResourcePool@29caf222 is interrupting all Threads waiting on a resource to check out. Will try again in response to new client requests.
2025-06-25 08:11 INFO  Dialect:175 - HHH000400: Using dialect: org.hibernate.dialect.MySQL8Dialect
2025-06-25 08:11 INFO  access:48 - HHH10001501: Connection obtained from JdbcConnectionAccess [org.hibernate.engine.jdbc.env.internal.JdbcEnvironmentInitiator$ConnectionProviderJdbcConnectionAccess@350ec690] for (non-JTA) DDL execution was not in auto-commit mode; the Connection 'local transaction' will be committed and the Connection will be set into auto-commit mode.
2025-06-25 08:11 INFO  JtaPlatformInitiator:52 - HHH000490: Using JtaPlatform implementation: [org.hibernate.engine.transaction.jta.platform.internal.NoJtaPlatform]
2025-06-25 08:16:18 INFO  MLog:191 - MLog clients using log4j logging.
